build/app/intermediates/manifest_merge_blame_file/debug/manifest-merger-blame-debug-report.txt
1<?xml version="1.0" encoding="utf-8"?>
2<manifest xmlns:android="http://schemas.android.com/apk/res/android"
3    package="com.autobonics.vision"
4    android:versionCode="1"
5    android:versionName="1.0.0" >
6
7    <uses-sdk
8        android:minSdkVersion="22"
9        android:targetSdkVersion="31" />
10    <!--
11         The INTERNET permission is required for development. Specifically,
12         the Flutter tool needs it to communicate with the running application
13         to allow setting breakpoints, to provide hot reload, etc.
14    -->
15    <uses-permission android:name="android.permission.INTERNET" />
15-->src\debug\AndroidManifest.xml:7:5-66
15-->src\debug\AndroidManifest.xml:7:22-64
16
17    <queries>
17-->[:flutter_inappwebview] AndroidManifest.xml:9:5-13:15
18        <intent>
18-->[:flutter_inappwebview] AndroidManifest.xml:10:9-12:18
19            <action android:name="android.support.customtabs.action.CustomTabsService" />
19-->[:flutter_inappwebview] AndroidManifest.xml:11:13-90
19-->[:flutter_inappwebview] AndroidManifest.xml:11:21-87
20        </intent>
21    </queries>
22
23    <uses-permission android:name="android.permission.ACCESS_NETWORK_STATE" />
23-->[com.google.firebase:firebase-auth:21.1.0] AndroidManifest.xml:24:5-79
23-->[com.google.firebase:firebase-auth:21.1.0] AndroidManifest.xml:24:22-76
24    <uses-permission android:name="android.permission.WAKE_LOCK" /> <!-- Required by older versions of Google Play services to create IID tokens -->
24-->[com.google.firebase:firebase-iid:20.1.5] AndroidManifest.xml:24:5-68
24-->[com.google.firebase:firebase-iid:20.1.5] AndroidManifest.xml:24:22-65
25    <uses-permission android:name="com.google.android.c2dm.permission.RECEIVE" />
25-->[com.google.firebase:firebase-iid:20.1.5] AndroidManifest.xml:26:5-82
25-->[com.google.firebase:firebase-iid:20.1.5] AndroidManifest.xml:26:22-79
26
27    <application
28        android:name="android.app.Application"
29        android:appComponentFactory="androidx.core.app.CoreComponentFactory"
29-->[androidx.core:core:1.8.0] AndroidManifest.xml:24:18-86
30        android:debuggable="true"
31        android:icon="@mipmap/launcher_icon"
32        android:label="vision"
33        android:usesCleartextTraffic="true" >
34        <activity
35            android:name="com.autobonics.vision.MainActivity"
36            android:configChanges="orientation|keyboardHidden|keyboard|screenSize|smallestScreenSize|locale|layoutDirection|fontScale|screenLayout|density|uiMode"
37            android:exported="true"
38            android:hardwareAccelerated="true"
39            android:launchMode="singleTop"
40            android:theme="@style/LaunchTheme"
41            android:windowSoftInputMode="adjustResize" >
42
43            <!--
44                 Specifies an Android theme to apply to this Activity as soon as
45                 the Android process has started. This theme is visible to the user
46                 while the Flutter UI initializes. After that, this theme continues
47                 to determine the Window background behind the Flutter UI.
48            -->
49            <meta-data
50                android:name="io.flutter.embedding.android.NormalTheme"
51                android:resource="@style/NormalTheme" />
52
53            <intent-filter>
54                <action android:name="android.intent.action.MAIN" />
55
56                <category android:name="android.intent.category.LAUNCHER" />
57            </intent-filter>
58        </activity>
59        <!--
60             Don't delete the meta-data below.
61             This is used by the Flutter tool to generate GeneratedPluginRegistrant.java
62        -->
63        <meta-data
64            android:name="flutterEmbedding"
65            android:value="2" />
66
67        <service
67-->[:firebase_database] AndroidManifest.xml:10:9-14:19
68            android:name="com.google.firebase.components.ComponentDiscoveryService"
68-->[:firebase_database] AndroidManifest.xml:10:18-89
69            android:directBootAware="true"
69-->[com.google.firebase:firebase-common:20.3.0] AndroidManifest.xml:34:13-43
70            android:exported="false" >
70-->[com.google.firebase:firebase-auth:21.1.0] AndroidManifest.xml:66:13-37
71            <meta-data
71-->[:firebase_database] AndroidManifest.xml:11:13-13:85
72                android:name="com.google.firebase.components:io.flutter.plugins.firebase.database.FlutterFirebaseAppRegistrar"
72-->[:firebase_database] AndroidManifest.xml:12:17-127
73                android:value="com.google.firebase.components.ComponentRegistrar" />
73-->[:firebase_database] AndroidManifest.xml:13:17-82
74            <meta-data
74-->[:cloud_firestore] AndroidManifest.xml:11:13-13:85
75                android:name="com.google.firebase.components:io.flutter.plugins.firebase.firestore.FlutterFirebaseFirestoreRegistrar"
75-->[:cloud_firestore] AndroidManifest.xml:12:17-134
76                android:value="com.google.firebase.components.ComponentRegistrar" />
76-->[:cloud_firestore] AndroidManifest.xml:13:17-82
77            <meta-data
77-->[:firebase_auth] AndroidManifest.xml:11:13-13:85
78                android:name="com.google.firebase.components:io.flutter.plugins.firebase.auth.FlutterFirebaseAuthRegistrar"
78-->[:firebase_auth] AndroidManifest.xml:12:17-124
79                android:value="com.google.firebase.components.ComponentRegistrar" />
79-->[:firebase_auth] AndroidManifest.xml:13:17-82
80            <meta-data
80-->[:firebase_core] AndroidManifest.xml:11:13-13:85
81                android:name="com.google.firebase.components:io.flutter.plugins.firebase.core.FlutterFirebaseCoreRegistrar"
81-->[:firebase_core] AndroidManifest.xml:12:17-124
82                android:value="com.google.firebase.components.ComponentRegistrar" />
82-->[:firebase_core] AndroidManifest.xml:13:17-82
83            <meta-data
83-->[com.google.firebase:firebase-auth:21.1.0] AndroidManifest.xml:67:13-69:85
84                android:name="com.google.firebase.components:com.google.firebase.auth.FirebaseAuthRegistrar"
84-->[com.google.firebase:firebase-auth:21.1.0] AndroidManifest.xml:68:17-109
85                android:value="com.google.firebase.components.ComponentRegistrar" />
85-->[com.google.firebase:firebase-auth:21.1.0] AndroidManifest.xml:69:17-82
86            <meta-data
86-->[com.google.firebase:firebase-firestore:24.4.2] AndroidManifest.xml:19:13-21:85
87                android:name="com.google.firebase.components:com.google.firebase.firestore.FirestoreRegistrar"
87-->[com.google.firebase:firebase-firestore:24.4.2] AndroidManifest.xml:20:17-111
88                android:value="com.google.firebase.components.ComponentRegistrar" />
88-->[com.google.firebase:firebase-firestore:24.4.2] AndroidManifest.xml:21:17-82
89            <meta-data
89-->[com.google.firebase:firebase-database:20.1.0] AndroidManifest.xml:31:13-33:85
90                android:name="com.google.firebase.components:com.google.firebase.database.DatabaseRegistrar"
90-->[com.google.firebase:firebase-database:20.1.0] AndroidManifest.xml:32:17-109
91                android:value="com.google.firebase.components.ComponentRegistrar" />
91-->[com.google.firebase:firebase-database:20.1.0] AndroidManifest.xml:33:17-82
92            <meta-data
92-->[com.google.firebase:firebase-iid:20.1.5] AndroidManifest.xml:32:13-34:85
93                android:name="com.google.firebase.components:com.google.firebase.iid.Registrar"
93-->[com.google.firebase:firebase-iid:20.1.5] AndroidManifest.xml:33:17-96
94                android:value="com.google.firebase.components.ComponentRegistrar" />
94-->[com.google.firebase:firebase-iid:20.1.5] AndroidManifest.xml:34:17-82
95            <meta-data
95-->[com.google.firebase:firebase-installations:17.1.0] AndroidManifest.xml:17:13-19:85
96                android:name="com.google.firebase.components:com.google.firebase.installations.FirebaseInstallationsRegistrar"
96-->[com.google.firebase:firebase-installations:17.1.0] AndroidManifest.xml:18:17-127
97                android:value="com.google.firebase.components.ComponentRegistrar" />
97-->[com.google.firebase:firebase-installations:17.1.0] AndroidManifest.xml:19:17-82
98        </service>
99
100        <provider
100-->[:image_picker_android] AndroidManifest.xml:10:9-18:20
101            android:name="io.flutter.plugins.imagepicker.ImagePickerFileProvider"
101-->[:image_picker_android] AndroidManifest.xml:11:13-82
102            android:authorities="com.autobonics.vision.flutter.image_provider"
102-->[:image_picker_android] AndroidManifest.xml:12:13-74
103            android:exported="false"
103-->[:image_picker_android] AndroidManifest.xml:13:13-37
104            android:grantUriPermissions="true" >
104-->[:image_picker_android] AndroidManifest.xml:14:13-47
105            <meta-data
105-->[:image_picker_android] AndroidManifest.xml:15:13-17:75
106                android:name="android.support.FILE_PROVIDER_PATHS"
106-->[:image_picker_android] AndroidManifest.xml:16:17-67
107                android:resource="@xml/flutter_image_picker_file_paths" />
107-->[:image_picker_android] AndroidManifest.xml:17:17-72
108        </provider>
109        <provider
109-->[:flutter_webview_plugin] AndroidManifest.xml:11:9-20:20
110            android:name="androidx.core.content.FileProvider"
110-->[:flutter_webview_plugin] AndroidManifest.xml:12:13-62
111            android:authorities="com.autobonics.vision.fileprovider"
111-->[:flutter_webview_plugin] AndroidManifest.xml:13:13-64
112            android:exported="false"
112-->[:flutter_webview_plugin] AndroidManifest.xml:14:13-37
113            android:grantUriPermissions="true" >
113-->[:flutter_webview_plugin] AndroidManifest.xml:15:13-47
114            <meta-data
114-->[:image_picker_android] AndroidManifest.xml:15:13-17:75
115                android:name="android.support.FILE_PROVIDER_PATHS"
115-->[:image_picker_android] AndroidManifest.xml:16:17-67
116                android:resource="@xml/filepaths" />
116-->[:image_picker_android] AndroidManifest.xml:17:17-72
117        </provider>
118
119        <activity
119-->[:flutter_inappwebview] AndroidManifest.xml:16:9-20:47
120            android:name="com.pichillilorenzo.flutter_inappwebview.in_app_browser.InAppBrowserActivity"
120-->[:flutter_inappwebview] AndroidManifest.xml:17:13-104
121            android:configChanges="orientation|keyboardHidden|keyboard|screenSize|locale|layoutDirection|fontScale|screenLayout|density"
121-->[:flutter_inappwebview] AndroidManifest.xml:18:13-137
122            android:exported="false"
122-->[:flutter_inappwebview] AndroidManifest.xml:19:13-37
123            android:theme="@style/AppTheme" />
123-->[:flutter_inappwebview] AndroidManifest.xml:20:13-44
124        <activity
124-->[:flutter_inappwebview] AndroidManifest.xml:21:9-24:55
125            android:name="com.pichillilorenzo.flutter_inappwebview.chrome_custom_tabs.ChromeCustomTabsActivity"
125-->[:flutter_inappwebview] AndroidManifest.xml:22:13-112
126            android:exported="false"
126-->[:flutter_inappwebview] AndroidManifest.xml:23:13-37
127            android:theme="@style/ThemeTransparent" />
127-->[:flutter_inappwebview] AndroidManifest.xml:24:13-52
128        <activity
128-->[:flutter_inappwebview] AndroidManifest.xml:25:9-28:55
129            android:name="com.pichillilorenzo.flutter_inappwebview.chrome_custom_tabs.TrustedWebActivity"
129-->[:flutter_inappwebview] AndroidManifest.xml:26:13-106
130            android:exported="false"
130-->[:flutter_inappwebview] AndroidManifest.xml:27:13-37
131            android:theme="@style/ThemeTransparent" />
131-->[:flutter_inappwebview] AndroidManifest.xml:28:13-52
132        <activity
132-->[:flutter_inappwebview] AndroidManifest.xml:29:9-33:55
133            android:name="com.pichillilorenzo.flutter_inappwebview.chrome_custom_tabs.ChromeCustomTabsActivitySingleInstance"
133-->[:flutter_inappwebview] AndroidManifest.xml:30:13-126
134            android:exported="false"
134-->[:flutter_inappwebview] AndroidManifest.xml:31:13-37
135            android:launchMode="singleInstance"
135-->[:flutter_inappwebview] AndroidManifest.xml:32:13-48
136            android:theme="@style/ThemeTransparent" />
136-->[:flutter_inappwebview] AndroidManifest.xml:33:13-52
137        <activity
137-->[:flutter_inappwebview] AndroidManifest.xml:34:9-38:55
138            android:name="com.pichillilorenzo.flutter_inappwebview.chrome_custom_tabs.TrustedWebActivitySingleInstance"
138-->[:flutter_inappwebview] AndroidManifest.xml:35:13-120
139            android:exported="false"
139-->[:flutter_inappwebview] AndroidManifest.xml:36:13-37
140            android:launchMode="singleInstance"
140-->[:flutter_inappwebview] AndroidManifest.xml:37:13-48
141            android:theme="@style/ThemeTransparent" />
141-->[:flutter_inappwebview] AndroidManifest.xml:38:13-52
142
143        <receiver
143-->[:flutter_inappwebview] AndroidManifest.xml:40:9-43:40
144            android:name="com.pichillilorenzo.flutter_inappwebview.chrome_custom_tabs.ActionBroadcastReceiver"
144-->[:flutter_inappwebview] AndroidManifest.xml:41:13-111
145            android:enabled="true"
145-->[:flutter_inappwebview] AndroidManifest.xml:42:13-35
146            android:exported="false" />
146-->[:flutter_inappwebview] AndroidManifest.xml:43:13-37
147
148        <meta-data
148-->[:flutter_inappwebview] AndroidManifest.xml:45:9-47:36
149            android:name="io.flutter.embedded_views_preview"
149-->[:flutter_inappwebview] AndroidManifest.xml:46:13-61
150            android:value="true" />
150-->[:flutter_inappwebview] AndroidManifest.xml:47:13-33
151
152        <uses-library
152-->[androidx.window:window:1.0.0-beta04] AndroidManifest.xml:25:9-27:40
153            android:name="androidx.window.extensions"
153-->[androidx.window:window:1.0.0-beta04] AndroidManifest.xml:26:13-54
154            android:required="false" />
154-->[androidx.window:window:1.0.0-beta04] AndroidManifest.xml:27:13-37
155        <uses-library
155-->[androidx.window:window:1.0.0-beta04] AndroidManifest.xml:28:9-30:40
156            android:name="androidx.window.sidecar"
156-->[androidx.window:window:1.0.0-beta04] AndroidManifest.xml:29:13-51
157            android:required="false" />
157-->[androidx.window:window:1.0.0-beta04] AndroidManifest.xml:30:13-37
158
159        <activity
159-->[com.google.firebase:firebase-auth:21.1.0] AndroidManifest.xml:27:9-44:20
160            android:name="com.google.firebase.auth.internal.GenericIdpActivity"
160-->[com.google.firebase:firebase-auth:21.1.0] AndroidManifest.xml:28:13-80
161            android:excludeFromRecents="true"
161-->[com.google.firebase:firebase-auth:21.1.0] AndroidManifest.xml:29:13-46
162            android:exported="true"
162-->[com.google.firebase:firebase-auth:21.1.0] AndroidManifest.xml:30:13-36
163            android:launchMode="singleTask"
163-->[com.google.firebase:firebase-auth:21.1.0] AndroidManifest.xml:31:13-44
164            android:theme="@android:style/Theme.Translucent.NoTitleBar" >
164-->[com.google.firebase:firebase-auth:21.1.0] AndroidManifest.xml:32:13-72
165            <intent-filter>
165-->[com.google.firebase:firebase-auth:21.1.0] AndroidManifest.xml:33:13-43:29
166                <action android:name="android.intent.action.VIEW" />
166-->[com.google.firebase:firebase-auth:21.1.0] AndroidManifest.xml:34:17-69
166-->[com.google.firebase:firebase-auth:21.1.0] AndroidManifest.xml:34:25-66
167
168                <category android:name="android.intent.category.DEFAULT" />
168-->[com.google.firebase:firebase-auth:21.1.0] AndroidManifest.xml:36:17-76
168-->[com.google.firebase:firebase-auth:21.1.0] AndroidManifest.xml:36:27-73
169                <category android:name="android.intent.category.BROWSABLE" />
169-->[com.google.firebase:firebase-auth:21.1.0] AndroidManifest.xml:37:17-78
169-->[com.google.firebase:firebase-auth:21.1.0] AndroidManifest.xml:37:27-75
170
171                <data
171-->[com.google.firebase:firebase-auth:21.1.0] AndroidManifest.xml:39:17-42:51
172                    android:host="firebase.auth"
172-->[com.google.firebase:firebase-auth:21.1.0] AndroidManifest.xml:40:21-49
173                    android:path="/"
173-->[com.google.firebase:firebase-auth:21.1.0] AndroidManifest.xml:41:21-37
174                    android:scheme="genericidp" />
174-->[com.google.firebase:firebase-auth:21.1.0] AndroidManifest.xml:42:21-48
175            </intent-filter>
176        </activity>
177        <activity
177-->[com.google.firebase:firebase-auth:21.1.0] AndroidManifest.xml:45:9-62:20
178            android:name="com.google.firebase.auth.internal.RecaptchaActivity"
178-->[com.google.firebase:firebase-auth:21.1.0] AndroidManifest.xml:46:13-79
179            android:excludeFromRecents="true"
179-->[com.google.firebase:firebase-auth:21.1.0] AndroidManifest.xml:47:13-46
180            android:exported="true"
180-->[com.google.firebase:firebase-auth:21.1.0] AndroidManifest.xml:48:13-36
181            android:launchMode="singleTask"
181-->[com.google.firebase:firebase-auth:21.1.0] AndroidManifest.xml:49:13-44
182            android:theme="@android:style/Theme.Translucent.NoTitleBar" >
182-->[com.google.firebase:firebase-auth:21.1.0] AndroidManifest.xml:50:13-72
183            <intent-filter>
183-->[com.google.firebase:firebase-auth:21.1.0] AndroidManifest.xml:51:13-61:29
184                <action android:name="android.intent.action.VIEW" />
184-->[com.google.firebase:firebase-auth:21.1.0] AndroidManifest.xml:34:17-69
184-->[com.google.firebase:firebase-auth:21.1.0] AndroidManifest.xml:34:25-66
185
186                <category android:name="android.intent.category.DEFAULT" />
186-->[com.google.firebase:firebase-auth:21.1.0] AndroidManifest.xml:36:17-76
186-->[com.google.firebase:firebase-auth:21.1.0] AndroidManifest.xml:36:27-73
187                <category android:name="android.intent.category.BROWSABLE" />
187-->[com.google.firebase:firebase-auth:21.1.0] AndroidManifest.xml:37:17-78
187-->[com.google.firebase:firebase-auth:21.1.0] AndroidManifest.xml:37:27-75
188
189                <data
189-->[com.google.firebase:firebase-auth:21.1.0] AndroidManifest.xml:39:17-42:51
190                    android:host="firebase.auth"
190-->[com.google.firebase:firebase-auth:21.1.0] AndroidManifest.xml:40:21-49
191                    android:path="/"
191-->[com.google.firebase:firebase-auth:21.1.0] AndroidManifest.xml:41:21-37
192                    android:scheme="recaptcha" />
192-->[com.google.firebase:firebase-auth:21.1.0] AndroidManifest.xml:42:21-48
193            </intent-filter>
194        </activity>
195
196        <service
196-->[com.google.mlkit:image-labeling:17.0.7] AndroidManifest.xml:8:9-14:19
197            android:name="com.google.mlkit.common.internal.MlKitComponentDiscoveryService"
197-->[com.google.mlkit:image-labeling:17.0.7] AndroidManifest.xml:9:13-91
198            android:directBootAware="true"
198-->[com.google.mlkit:common:18.1.0] AndroidManifest.xml:17:13-43
199            android:exported="false" >
199-->[com.google.mlkit:image-labeling:17.0.7] AndroidManifest.xml:10:13-37
200            <meta-data
200-->[com.google.mlkit:image-labeling:17.0.7] AndroidManifest.xml:11:13-13:85
201                android:name="com.google.firebase.components:com.google.mlkit.vision.label.defaults.internal.BundledLabelRegistrar"
201-->[com.google.mlkit:image-labeling:17.0.7] AndroidManifest.xml:12:17-132
202                android:value="com.google.firebase.components.ComponentRegistrar" />
202-->[com.google.mlkit:image-labeling:17.0.7] AndroidManifest.xml:13:17-82
203            <meta-data
203-->[com.google.mlkit:image-labeling-custom:17.0.1] AndroidManifest.xml:11:13-13:85
204                android:name="com.google.firebase.components:com.google.mlkit.vision.label.custom.internal.CustomLabelRegistrar"
204-->[com.google.mlkit:image-labeling-custom:17.0.1] AndroidManifest.xml:12:17-129
205                android:value="com.google.firebase.components.ComponentRegistrar" />
205-->[com.google.mlkit:image-labeling-custom:17.0.1] AndroidManifest.xml:13:17-82
206            <meta-data
206-->[com.google.android.gms:play-services-mlkit-face-detection:17.0.1] AndroidManifest.xml:12:13-14:85
207                android:name="com.google.firebase.components:com.google.mlkit.vision.face.internal.FaceRegistrar"
207-->[com.google.android.gms:play-services-mlkit-face-detection:17.0.1] AndroidManifest.xml:13:17-114
208                android:value="com.google.firebase.components.ComponentRegistrar" />
208-->[com.google.android.gms:play-services-mlkit-face-detection:17.0.1] AndroidManifest.xml:14:17-82
209            <meta-data
209-->[com.google.mlkit:vision-internal-vkp:18.2.2] AndroidManifest.xml:14:13-16:85
210                android:name="com.google.firebase.components:com.google.mlkit.vision.vkp.VkpRegistrar"
210-->[com.google.mlkit:vision-internal-vkp:18.2.2] AndroidManifest.xml:15:17-103
211                android:value="com.google.firebase.components.ComponentRegistrar" />
211-->[com.google.mlkit:vision-internal-vkp:18.2.2] AndroidManifest.xml:16:17-82
212            <meta-data
212-->[com.google.mlkit:vision-common:17.1.0] AndroidManifest.xml:12:13-14:85
213                android:name="com.google.firebase.components:com.google.mlkit.vision.common.internal.VisionCommonRegistrar"
213-->[com.google.mlkit:vision-common:17.1.0] AndroidManifest.xml:13:17-124
214                android:value="com.google.firebase.components.ComponentRegistrar" />
214-->[com.google.mlkit:vision-common:17.1.0] AndroidManifest.xml:14:17-82
215            <meta-data
215-->[com.google.mlkit:linkfirebase:17.0.0] AndroidManifest.xml:12:13-14:85
216                android:name="com.google.firebase.components:com.google.mlkit.linkfirebase.internal.LinkFirebaseComponentRegistrar"
216-->[com.google.mlkit:linkfirebase:17.0.0] AndroidManifest.xml:13:17-132
217                android:value="com.google.firebase.components.ComponentRegistrar" />
217-->[com.google.mlkit:linkfirebase:17.0.0] AndroidManifest.xml:14:17-82
218            <meta-data
218-->[com.google.mlkit:common:18.1.0] AndroidManifest.xml:20:13-22:85
219                android:name="com.google.firebase.components:com.google.mlkit.common.internal.CommonComponentRegistrar"
219-->[com.google.mlkit:common:18.1.0] AndroidManifest.xml:21:17-120
220                android:value="com.google.firebase.components.ComponentRegistrar" />
220-->[com.google.mlkit:common:18.1.0] AndroidManifest.xml:22:17-82
221        </service>
222
223        <provider
223-->[com.google.mlkit:common:18.1.0] AndroidManifest.xml:9:9-13:38
224            android:name="com.google.mlkit.common.internal.MlKitInitProvider"
224-->[com.google.mlkit:common:18.1.0] AndroidManifest.xml:10:13-78
225            android:authorities="com.autobonics.vision.mlkitinitprovider"
225-->[com.google.mlkit:common:18.1.0] AndroidManifest.xml:11:13-69
226            android:exported="false"
226-->[com.google.mlkit:common:18.1.0] AndroidManifest.xml:12:13-37
227            android:initOrder="99" />
227-->[com.google.mlkit:common:18.1.0] AndroidManifest.xml:13:13-35
228
229        <receiver
229-->[com.google.firebase:firebase-iid:20.1.5] AndroidManifest.xml:37:9-44:20
230            android:name="com.google.firebase.iid.FirebaseInstanceIdReceiver"
230-->[com.google.firebase:firebase-iid:20.1.5] AndroidManifest.xml:38:13-78
231            android:exported="true"
231-->[com.google.firebase:firebase-iid:20.1.5] AndroidManifest.xml:39:13-36
232            android:permission="com.google.android.c2dm.permission.SEND" >
232-->[com.google.firebase:firebase-iid:20.1.5] AndroidManifest.xml:40:13-73
233            <intent-filter>
233-->[com.google.firebase:firebase-iid:20.1.5] AndroidManifest.xml:41:13-43:29
234                <action android:name="com.google.android.c2dm.intent.RECEIVE" />
234-->[com.google.firebase:firebase-iid:20.1.5] AndroidManifest.xml:42:17-81
234-->[com.google.firebase:firebase-iid:20.1.5] AndroidManifest.xml:42:25-78
235            </intent-filter>
236        </receiver>
237
238        <activity
238-->[com.google.android.gms:play-services-base:18.0.1] AndroidManifest.xml:20:9-22:45
239            android:name="com.google.android.gms.common.api.GoogleApiActivity"
239-->[com.google.android.gms:play-services-base:18.0.1] AndroidManifest.xml:20:19-85
240            android:exported="false"
240-->[com.google.android.gms:play-services-base:18.0.1] AndroidManifest.xml:22:19-43
241            android:theme="@android:style/Theme.Translucent.NoTitleBar" />
241-->[com.google.android.gms:play-services-base:18.0.1] AndroidManifest.xml:21:19-78
242
243        <provider
243-->[com.google.firebase:firebase-common:20.3.0] AndroidManifest.xml:25:9-30:39
244            android:name="com.google.firebase.provider.FirebaseInitProvider"
244-->[com.google.firebase:firebase-common:20.3.0] AndroidManifest.xml:26:13-77
245            android:authorities="com.autobonics.vision.firebaseinitprovider"
245-->[com.google.firebase:firebase-common:20.3.0] AndroidManifest.xml:27:13-72
246            android:directBootAware="true"
246-->[com.google.firebase:firebase-common:20.3.0] AndroidManifest.xml:28:13-43
247            android:exported="false"
247-->[com.google.firebase:firebase-common:20.3.0] AndroidManifest.xml:29:13-37
248            android:initOrder="100" />
248-->[com.google.firebase:firebase-common:20.3.0] AndroidManifest.xml:30:13-36
249
250        <meta-data
250-->[com.google.android.gms:play-services-basement:18.1.0] AndroidManifest.xml:21:9-23:69
251            android:name="com.google.android.gms.version"
251-->[com.google.android.gms:play-services-basement:18.1.0] AndroidManifest.xml:22:13-58
252            android:value="@integer/google_play_services_version" />
252-->[com.google.android.gms:play-services-basement:18.1.0] AndroidManifest.xml:23:13-66
253
254        <provider
254-->[androidx.emoji2:emoji2:1.2.0] AndroidManifest.xml:24:9-32:20
255            android:name="androidx.startup.InitializationProvider"
255-->[androidx.emoji2:emoji2:1.2.0] AndroidManifest.xml:25:13-67
256            android:authorities="com.autobonics.vision.androidx-startup"
256-->[androidx.emoji2:emoji2:1.2.0] AndroidManifest.xml:26:13-68
257            android:exported="false" >
257-->[androidx.emoji2:emoji2:1.2.0] AndroidManifest.xml:27:13-37
258            <meta-data
258-->[androidx.emoji2:emoji2:1.2.0] AndroidManifest.xml:29:13-31:52
259                android:name="androidx.emoji2.text.EmojiCompatInitializer"
259-->[androidx.emoji2:emoji2:1.2.0] AndroidManifest.xml:30:17-75
260                android:value="androidx.startup" />
260-->[androidx.emoji2:emoji2:1.2.0] AndroidManifest.xml:31:17-49
261            <meta-data
261-->[androidx.lifecycle:lifecycle-process:2.4.1] AndroidManifest.xml:31:13-33:52
262                android:name="androidx.lifecycle.ProcessLifecycleInitializer"
262-->[androidx.lifecycle:lifecycle-process:2.4.1] AndroidManifest.xml:32:17-78
263                android:value="androidx.startup" />
263-->[androidx.lifecycle:lifecycle-process:2.4.1] AndroidManifest.xml:33:17-49
264        </provider>
265
266        <service
266-->[com.google.android.datatransport:transport-backend-cct:2.3.3] AndroidManifest.xml:29:9-35:19
267            android:name="com.google.android.datatransport.runtime.backends.TransportBackendDiscovery"
267-->[com.google.android.datatransport:transport-backend-cct:2.3.3] AndroidManifest.xml:30:13-103
268            android:exported="false" >
268-->[com.google.android.datatransport:transport-backend-cct:2.3.3] AndroidManifest.xml:31:13-37
269            <meta-data
269-->[com.google.android.datatransport:transport-backend-cct:2.3.3] AndroidManifest.xml:32:13-34:39
270                android:name="backend:com.google.android.datatransport.cct.CctBackendFactory"
270-->[com.google.android.datatransport:transport-backend-cct:2.3.3] AndroidManifest.xml:33:17-94
271                android:value="cct" />
271-->[com.google.android.datatransport:transport-backend-cct:2.3.3] AndroidManifest.xml:34:17-36
272        </service>
273        <service
273-->[com.google.android.datatransport:transport-runtime:2.2.6] AndroidManifest.xml:26:9-30:19
274            android:name="com.google.android.datatransport.runtime.scheduling.jobscheduling.JobInfoSchedulerService"
274-->[com.google.android.datatransport:transport-runtime:2.2.6] AndroidManifest.xml:27:13-117
275            android:exported="false"
275-->[com.google.android.datatransport:transport-runtime:2.2.6] AndroidManifest.xml:28:13-37
276            android:permission="android.permission.BIND_JOB_SERVICE" >
276-->[com.google.android.datatransport:transport-runtime:2.2.6] AndroidManifest.xml:29:13-69
277        </service>
278
279        <receiver
279-->[com.google.android.datatransport:transport-runtime:2.2.6] AndroidManifest.xml:32:9-34:40
280            android:name="com.google.android.datatransport.runtime.scheduling.jobscheduling.AlarmManagerSchedulerBroadcastReceiver"
280-->[com.google.android.datatransport:transport-runtime:2.2.6] AndroidManifest.xml:33:13-132
281            android:exported="false" />
281-->[com.google.android.datatransport:transport-runtime:2.2.6] AndroidManifest.xml:34:13-37
282    </application>
283
284</manifest>